#
# There is insufficient memory for the Java Runtime Environment to continue.
# Native memory allocation (malloc) failed to allocate 518736 bytes for Chunk::new
# Possible reasons:
#   The system is out of physical RAM or swap space
#   The process is running with CompressedOops enabled, and the Java Heap may be blocking the growth of the native heap
# Possible solutions:
#   Reduce memory load on the system
#   Increase physical memory or swap space
#   Check if swap backing store is full
#   Decrease Java heap size (-Xmx/-Xms)
#   Decrease number of Java threads
#   Decrease Java thread stack sizes (-Xss)
#   Set larger code cache with -XX:ReservedCodeCacheSize=
#   JVM is running with Zero Based Compressed Oops mode in which the Java heap is
#     placed in the first 32GB address space. The Java Heap base address is the
#     maximum limit for the native heap growth. Please use -XX:HeapBaseMinAddress
#     to set the Java Heap base and to place the Java Heap above 32GB virtual address.
# This output file may be truncated or incomplete.
#
#  Out of Memory Error (allocation.cpp:389), pid=13704, tid=0x000000000000076c
#
# JRE version: Java(TM) SE Runtime Environment (8.0_321-b07) (build 1.8.0_321-b07)
# Java VM: Java HotSpot(TM) 64-Bit Server VM (25.321-b07 mixed mode windows-amd64 compressed oops)
# Failed to write core dump. Minidumps are not enabled by default on client versions of Windows
#

---------------  T H R E A D  ---------------

Current thread (0x0000020772859800):  JavaThread "C2 CompilerThread0" daemon [_thread_in_native, id=1900, stack(0x000000a97e700000,0x000000a97e800000)]

Stack: [0x000000a97e700000,0x000000a97e800000]
Native frames: (J=compiled Java code, j=interpreted, Vv=VM code, C=native code)
V  [jvm.dll+0x32fc49]
V  [jvm.dll+0x2761a2]
V  [jvm.dll+0x276e4d]
V  [jvm.dll+0x26d7f5]
V  [jvm.dll+0xd5a0c]
V  [jvm.dll+0xd620c]
V  [jvm.dll+0x4541c2]
V  [jvm.dll+0x48f27d]
V  [jvm.dll+0x4433b0]
V  [jvm.dll+0x440ffb]
V  [jvm.dll+0x42becb]
V  [jvm.dll+0xac68b]
V  [jvm.dll+0xaaceb]
V  [jvm.dll+0x23e6f2]
V  [jvm.dll+0x292edc]
C  [ucrtbase.dll+0x21bb2]
C  [KERNEL32.DLL+0x17034]
C  [ntdll.dll+0x526a1]


Current CompileTask:
C2:   3250 3057       4       org.springframework.beans.factory.support.AbstractBeanFactory::isTypeMatch (607 bytes)


---------------  P R O C E S S  ---------------

Java Threads: ( => current thread )
  0x00000207774dd000 JavaThread "Dubbo-global-shared-handler-thread-2" daemon [_thread_blocked, id=16588, stack(0x000000a97f000000,0x000000a97f100000)]
  0x000002077767f800 JavaThread "Dubbo-global-shared-handler-thread-1" daemon [_thread_blocked, id=11108, stack(0x000000a97ef00000,0x000000a97f000000)]
  0x0000020772918800 JavaThread "Service Thread" daemon [_thread_blocked, id=18716, stack(0x000000a97eb00000,0x000000a97ec00000)]
  0x0000020772872000 JavaThread "C1 CompilerThread3" daemon [_thread_blocked, id=13744, stack(0x000000a97ea00000,0x000000a97eb00000)]
  0x0000020772872800 JavaThread "C2 CompilerThread2" daemon [_thread_blocked, id=22252, stack(0x000000a97e900000,0x000000a97ea00000)]
  0x0000020772868000 JavaThread "C2 CompilerThread1" daemon [_thread_blocked, id=6740, stack(0x000000a97e800000,0x000000a97e900000)]
=>0x0000020772859800 JavaThread "C2 CompilerThread0" daemon [_thread_in_native, id=1900, stack(0x000000a97e700000,0x000000a97e800000)]
  0x0000020772858000 JavaThread "Monitor Ctrl-Break" daemon [_thread_in_native, id=9924, stack(0x000000a97e600000,0x000000a97e700000)]
  0x00000207727cc800 JavaThread "Attach Listener" daemon [_thread_blocked, id=16736, stack(0x000000a97e500000,0x000000a97e600000)]
  0x0000020772826000 JavaThread "Signal Dispatcher" daemon [_thread_blocked, id=9548, stack(0x000000a97e400000,0x000000a97e500000)]
  0x000002077058a000 JavaThread "Finalizer" daemon [_thread_blocked, id=21544, stack(0x000000a97e300000,0x000000a97e400000)]
  0x0000020755741800 JavaThread "Reference Handler" daemon [_thread_blocked, id=9512, stack(0x000000a97e200000,0x000000a97e300000)]
  0x00000207556bd800 JavaThread "main" [_thread_in_vm, id=10272, stack(0x000000a97d600000,0x000000a97d700000)]

Other Threads:
  0x0000020770566800 VMThread [stack: 0x000000a97e100000,0x000000a97e200000] [id=12772]
  0x0000020772980800 WatcherThread [stack: 0x000000a97ec00000,0x000000a97ed00000] [id=22080]

VM state:not at safepoint (normal execution)

VM Mutex/Monitor currently owned by a thread:  ([mutex/lock_event])
[0x00000207556b9d00] Compile_lock - owner thread: 0x0000000000000000

heap address: 0x00000006c3200000, size: 4046 MB, Compressed Oops mode: Zero based, Oop shift amount: 3
Narrow klass base: 0x0000000000000000, Narrow klass shift: 3
Compressed class space size: 1073741824 Address: 0x00000007c0000000

Heap:
 PSYoungGen      total 140288K, used 21982K [0x000000076bb80000, 0x000000077a500000, 0x00000007c0000000)
  eden space 130048K, 9% used [0x000000076bb80000,0x000000076c6fb8e8,0x0000000773a80000)
  from space 10240K, 99% used [0x0000000779b00000,0x000000077a4fbf20,0x000000077a500000)
  to   space 10752K, 0% used [0x0000000773a80000,0x0000000773a80000,0x0000000774500000)
 ParOldGen       total 90624K, used 9107K [0x00000006c3200000, 0x00000006c8a80000, 0x000000076bb80000)
  object space 90624K, 10% used [0x00000006c3200000,0x00000006c3ae4c48,0x00000006c8a80000)
 Metaspace       used 30923K, capacity 33108K, committed 33408K, reserved 1079296K
  class space    used 3994K, capacity 4392K, committed 4480K, reserved 1048576K

Card table byte_map: [0x00000207664d0000,0x0000020766cc0000] byte_map_base: 0x0000020762eb7000

Marking Bits: (ParMarkBitMap*) 0x000000006e659030
 Begin Bits: [0x0000020767210000, 0x000002076b148000)
 End Bits:   [0x000002076b148000, 0x000002076f080000)

Polling page: 0x00000207570e0000

CodeCache: size=245760Kb used=10668Kb max_used=10668Kb free=235091Kb
 bounds [0x0000020757110000, 0x0000020757b90000, 0x0000020766110000]
 total_blobs=3466 nmethods=3067 adapters=311
 compilation: enabled

Compilation events (10 events):
Event: 3.199 Thread 0x0000020772872000 3055       3       org.springframework.beans.BeanMetadataAttributeAccessor::getAttribute (22 bytes)
Event: 3.200 Thread 0x0000020772872000 nmethod 3055 0x0000020757b5b790 code [0x0000020757b5b940, 0x0000020757b5bea0]
Event: 3.200 Thread 0x0000020772872000 3056       3       org.springframework.core.AttributeAccessorSupport::getAttribute (17 bytes)
Event: 3.200 Thread 0x0000020772872000 nmethod 3056 0x0000020757b63610 code [0x0000020757b637a0, 0x0000020757b63b20]
Event: 3.202 Thread 0x0000020772859800 3057       4       org.springframework.beans.factory.support.AbstractBeanFactory::isTypeMatch (607 bytes)
Event: 3.205 Thread 0x0000020772872800 nmethod 3051 0x0000020757b67050 code [0x0000020757b67200, 0x0000020757b67970]
Event: 3.206 Thread 0x0000020772872000 3058       1       org.springframework.core.annotation.AnnotationsProcessor::doWithAggregate (2 bytes)
Event: 3.206 Thread 0x0000020772872000 nmethod 3058 0x0000020757b66d90 code [0x0000020757b66ee0, 0x0000020757b66ff8]
Event: 3.206 Thread 0x0000020772868000 3059       4       java.lang.AbstractStringBuilder::append (50 bytes)
Event: 3.210 Thread 0x0000020772868000 nmethod 3059 0x0000020757b68510 code [0x0000020757b68680, 0x0000020757b68ae8]

GC Heap History (10 events):
Event: 1.359 GC heap before
{Heap before GC invocations=3 (full 0):
 PSYoungGen      total 75776K, used 72000K [0x000000076bb80000, 0x0000000771000000, 0x00000007c0000000)
  eden space 65024K, 100% used [0x000000076bb80000,0x000000076fb00000,0x000000076fb00000)
  from space 10752K, 64% used [0x0000000770580000,0x0000000770c50258,0x0000000771000000)
  to   space 10752K, 0% used [0x000000076fb00000,0x000000076fb00000,0x0000000770580000)
 ParOldGen       total 173568K, used 24K [0x00000006c3200000, 0x00000006cdb80000, 0x000000076bb80000)
  object space 173568K, 0% used [0x00000006c3200000,0x00000006c3206000,0x00000006cdb80000)
 Metaspace       used 18009K, capacity 19540K, committed 19712K, reserved 1067008K
  class space    used 2398K, capacity 2698K, committed 2816K, reserved 1048576K
Event: 1.363 GC heap after
Heap after GC invocations=3 (full 0):
 PSYoungGen      total 75776K, used 7926K [0x000000076bb80000, 0x0000000774f80000, 0x00000007c0000000)
  eden space 65024K, 0% used [0x000000076bb80000,0x000000076bb80000,0x000000076fb00000)
  from space 10752K, 73% used [0x000000076fb00000,0x00000007702bda60,0x0000000770580000)
  to   space 10752K, 0% used [0x0000000774500000,0x0000000774500000,0x0000000774f80000)
 ParOldGen       total 173568K, used 32K [0x00000006c3200000, 0x00000006cdb80000, 0x000000076bb80000)
  object space 173568K, 0% used [0x00000006c3200000,0x00000006c3208000,0x00000006cdb80000)
 Metaspace       used 18009K, capacity 19540K, committed 19712K, reserved 1067008K
  class space    used 2398K, capacity 2698K, committed 2816K, reserved 1048576K
}
Event: 1.402 GC heap before
{Heap before GC invocations=4 (full 0):
 PSYoungGen      total 75776K, used 26750K [0x000000076bb80000, 0x0000000774f80000, 0x00000007c0000000)
  eden space 65024K, 28% used [0x000000076bb80000,0x000000076cde20d0,0x000000076fb00000)
  from space 10752K, 73% used [0x000000076fb00000,0x00000007702bda60,0x0000000770580000)
  to   space 10752K, 0% used [0x0000000774500000,0x0000000774500000,0x0000000774f80000)
 ParOldGen       total 173568K, used 32K [0x00000006c3200000, 0x00000006cdb80000, 0x000000076bb80000)
  object space 173568K, 0% used [0x00000006c3200000,0x00000006c3208000,0x00000006cdb80000)
 Metaspace       used 19602K, capacity 21174K, committed 21296K, reserved 1067008K
  class space    used 2581K, capacity 2879K, committed 2944K, reserved 1048576K
Event: 1.406 GC heap after
Heap after GC invocations=4 (full 0):
 PSYoungGen      total 140800K, used 7142K [0x000000076bb80000, 0x0000000774f80000, 0x00000007c0000000)
  eden space 130048K, 0% used [0x000000076bb80000,0x000000076bb80000,0x0000000773a80000)
  from space 10752K, 66% used [0x0000000774500000,0x0000000774bf9958,0x0000000774f80000)
  to   space 10752K, 0% used [0x0000000773a80000,0x0000000773a80000,0x0000000774500000)
 ParOldGen       total 173568K, used 40K [0x00000006c3200000, 0x00000006cdb80000, 0x000000076bb80000)
  object space 173568K, 0% used [0x00000006c3200000,0x00000006c320a000,0x00000006cdb80000)
 Metaspace       used 19602K, capacity 21174K, committed 21296K, reserved 1067008K
  class space    used 2581K, capacity 2879K, committed 2944K, reserved 1048576K
}
Event: 1.406 GC heap before
{Heap before GC invocations=5 (full 1):
 PSYoungGen      total 140800K, used 7142K [0x000000076bb80000, 0x0000000774f80000, 0x00000007c0000000)
  eden space 130048K, 0% used [0x000000076bb80000,0x000000076bb80000,0x0000000773a80000)
  from space 10752K, 66% used [0x0000000774500000,0x0000000774bf9958,0x0000000774f80000)
  to   space 10752K, 0% used [0x0000000773a80000,0x0000000773a80000,0x0000000774500000)
 ParOldGen       total 173568K, used 40K [0x00000006c3200000, 0x00000006cdb80000, 0x000000076bb80000)
  object space 173568K, 0% used [0x00000006c3200000,0x00000006c320a000,0x00000006cdb80000)
 Metaspace       used 19602K, capacity 21174K, committed 21296K, reserved 1067008K
  class space    used 2581K, capacity 2879K, committed 2944K, reserved 1048576K
Event: 1.424 GC heap after
Heap after GC invocations=5 (full 1):
 PSYoungGen      total 140800K, used 0K [0x000000076bb80000, 0x0000000774f80000, 0x00000007c0000000)
  eden space 130048K, 0% used [0x000000076bb80000,0x000000076bb80000,0x0000000773a80000)
  from space 10752K, 0% used [0x0000000774500000,0x0000000774500000,0x0000000774f80000)
  to   space 10752K, 0% used [0x0000000773a80000,0x0000000773a80000,0x0000000774500000)
 ParOldGen       total 90624K, used 6894K [0x00000006c3200000, 0x00000006c8a80000, 0x000000076bb80000)
  object space 90624K, 7% used [0x00000006c3200000,0x00000006c38bb978,0x00000006c8a80000)
 Metaspace       used 19602K, capacity 21174K, committed 21296K, reserved 1067008K
  class space    used 2581K, capacity 2879K, committed 2944K, reserved 1048576K
}
Event: 2.205 GC heap before
{Heap before GC invocations=6 (full 1):
 PSYoungGen      total 140800K, used 130048K [0x000000076bb80000, 0x0000000774f80000, 0x00000007c0000000)
  eden space 130048K, 100% used [0x000000076bb80000,0x0000000773a80000,0x0000000773a80000)
  from space 10752K, 0% used [0x0000000774500000,0x0000000774500000,0x0000000774f80000)
  to   space 10752K, 0% used [0x0000000773a80000,0x0000000773a80000,0x0000000774500000)
 ParOldGen       total 90624K, used 6894K [0x00000006c3200000, 0x00000006c8a80000, 0x000000076bb80000)
  object space 90624K, 7% used [0x00000006c3200000,0x00000006c38bb978,0x00000006c8a80000)
 Metaspace       used 26243K, capacity 28122K, committed 28416K, reserved 1073152K
  class space    used 3421K, capacity 3787K, committed 3840K, reserved 1048576K
Event: 2.211 GC heap after
Heap after GC invocations=6 (full 1):
 PSYoungGen      total 140800K, used 10244K [0x000000076bb80000, 0x000000077a500000, 0x00000007c0000000)
  eden space 130048K, 0% used [0x000000076bb80000,0x000000076bb80000,0x0000000773a80000)
  from space 10752K, 95% used [0x0000000773a80000,0x00000007744811a8,0x0000000774500000)
  to   space 10240K, 0% used [0x0000000779b00000,0x0000000779b00000,0x000000077a500000)
 ParOldGen       total 90624K, used 6902K [0x00000006c3200000, 0x00000006c8a80000, 0x000000076bb80000)
  object space 90624K, 7% used [0x00000006c3200000,0x00000006c38bd978,0x00000006c8a80000)
 Metaspace       used 26243K, capacity 28122K, committed 28416K, reserved 1073152K
  class space    used 3421K, capacity 3787K, committed 3840K, reserved 1048576K
}
Event: 3.118 GC heap before
{Heap before GC invocations=7 (full 1):
 PSYoungGen      total 140800K, used 140292K [0x000000076bb80000, 0x000000077a500000, 0x00000007c0000000)
  eden space 130048K, 100% used [0x000000076bb80000,0x0000000773a80000,0x0000000773a80000)
  from space 10752K, 95% used [0x0000000773a80000,0x00000007744811a8,0x0000000774500000)
  to   space 10240K, 0% used [0x0000000779b00000,0x0000000779b00000,0x000000077a500000)
 ParOldGen       total 90624K, used 6902K [0x00000006c3200000, 0x00000006c8a80000, 0x000000076bb80000)
  object space 90624K, 7% used [0x00000006c3200000,0x00000006c38bd978,0x00000006c8a80000)
 Metaspace       used 30437K, capacity 32592K, committed 32768K, reserved 1077248K
  class space    used 3935K, capacity 4328K, committed 4352K, reserved 1048576K
Event: 3.134 GC heap after
Heap after GC invocations=7 (full 1):
 PSYoungGen      total 140288K, used 10223K [0x000000076bb80000, 0x000000077a500000, 0x00000007c0000000)
  eden space 130048K, 0% used [0x000000076bb80000,0x000000076bb80000,0x0000000773a80000)
  from space 10240K, 99% used [0x0000000779b00000,0x000000077a4fbf20,0x000000077a500000)
  to   space 10752K, 0% used [0x0000000773a80000,0x0000000773a80000,0x0000000774500000)
 ParOldGen       total 90624K, used 9107K [0x00000006c3200000, 0x00000006c8a80000, 0x000000076bb80000)
  object space 90624K, 10% used [0x00000006c3200000,0x00000006c3ae4c48,0x00000006c8a80000)
 Metaspace       used 30437K, capacity 32592K, committed 32768K, reserved 1077248K
  class space    used 3935K, capacity 4328K, committed 4352K, reserved 1048576K
}

Deoptimization events (10 events):
Event: 2.327 Thread 0x00000207556bd800 Uncommon trap: reason=unstable_if action=reinterpret pc=0x0000020757880448 method=org.springframework.asm.ClassReader.readUtf(II[C)Ljava/lang/String; @ 41
Event: 2.327 Thread 0x00000207556bd800 Uncommon trap: reason=unstable_if action=reinterpret pc=0x00000207577d4364 method=org.springframework.asm.ClassReader.readUtf(II[C)Ljava/lang/String; @ 41
Event: 2.356 Thread 0x00000207556bd800 Uncommon trap: reason=range_check action=make_not_entrant pc=0x0000020757a3495c method=java.util.zip.ZipUtils.get16([BI)I @ 10
Event: 2.398 Thread 0x00000207556bd800 Uncommon trap: reason=unstable_if action=reinterpret pc=0x0000020757410060 method=java.lang.AbstractStringBuilder.append(Ljava/lang/String;)Ljava/lang/AbstractStringBuilder; @ 1
Event: 2.805 Thread 0x00000207556bd800 Uncommon trap: reason=unstable_if action=reinterpret pc=0x0000020757371c14 method=java.lang.AbstractStringBuilder.append(Ljava/lang/String;)Ljava/lang/AbstractStringBuilder; @ 1
Event: 2.830 Thread 0x00000207556bd800 Uncommon trap: reason=unstable_if action=reinterpret pc=0x0000020757a2aac0 method=org.springframework.core.annotation.MergedAnnotationsCollection.isMappingForType(Lorg/springframework/core/annotation/AnnotationTypeMapping;Ljava/lang/Object;)Z @ 13
Event: 2.890 Thread 0x00000207556bd800 Uncommon trap: reason=unstable_if action=reinterpret pc=0x00000207579370bc method=org.springframework.core.annotation.MergedAnnotationsCollection.isMappingForType(Lorg/springframework/core/annotation/AnnotationTypeMapping;Ljava/lang/Object;)Z @ 13
Event: 3.027 Thread 0x00000207556bd800 Uncommon trap: reason=unstable_if action=reinterpret pc=0x00000207576df880 method=java.util.Arrays.equals([Ljava/lang/Object;[Ljava/lang/Object;)Z @ 65
Event: 3.103 Thread 0x00000207556bd800 Uncommon trap: reason=unstable_if action=reinterpret pc=0x0000020757b05094 method=org.springframework.core.ResolvableType$1.isAssignableFrom(Ljava/lang/Class;)Z @ 15
Event: 3.115 Thread 0x00000207556bd800 Uncommon trap: reason=unstable_if action=reinterpret pc=0x0000020757b24f34 method=org.springframework.core.ResolvableType$1.isAssignableFrom(Ljava/lang/Class;)Z @ 15

Classes redefined (0 events):
No events

Internal exceptions (10 events):
Event: 1.504 Thread 0x00000207556bd800 Exception <a 'java/lang/ClassNotFoundException': org/springframework/beans/factory/AwareCustomizer> (0x000000076dbdeb48) thrown at [C:\jenkins\workspace\8-2-build-windows-amd64-cygwin\jdk8u321\2141\hotspot\src\share\vm\classfile\systemDictionary.cpp, line
Event: 1.553 Thread 0x000002077571f800 Exception <a 'java/lang/IncompatibleClassChangeError': Found class java.lang.Object, but interface was expected> (0x000000076ec0cfb0) thrown at [C:\jenkins\workspace\8-2-build-windows-amd64-cygwin\jdk8u321\2141\hotspot\src\share\vm\interpreter\linkResolve
Event: 1.608 Thread 0x00000207556bd800 Exception <a 'java/lang/NoSuchMethodError': java.lang.Object.lambda$getAllAnnotationAttributes$0(Lorg/springframework/util/MultiValueMap;)Lorg/springframework/util/MultiValueMap;> (0x000000076e290398) thrown at [C:\jenkins\workspace\8-2-build-windows-amd6
Event: 1.608 Thread 0x00000207556bd800 Exception <a 'java/lang/NoSuchMethodError': java.lang.Object.lambda$identity$2(Ljava/lang/Object;)Ljava/lang/Object;> (0x000000076e294090) thrown at [C:\jenkins\workspace\8-2-build-windows-amd64-cygwin\jdk8u321\2141\hotspot\src\share\vm\interpreter\linkRe
Event: 1.983 Thread 0x00000207556bd800 Exception <a 'java/lang/IncompatibleClassChangeError': Found class java.lang.Object, but interface was expected> (0x00000007709d5af8) thrown at [C:\jenkins\workspace\8-2-build-windows-amd64-cygwin\jdk8u321\2141\hotspot\src\share\vm\interpreter\linkResolve
Event: 2.395 Thread 0x00000207556bd800 Exception <a 'java/lang/NoClassDefFoundError': org/apache/log4j/LogManager> (0x000000076f3fdcf0) thrown at [C:\jenkins\workspace\8-2-build-windows-amd64-cygwin\jdk8u321\2141\hotspot\src\share\vm\classfile\systemDictionary.cpp, line 201]
Event: 2.395 Thread 0x00000207556bd800 Exception <a 'java/lang/NoClassDefFoundError': org/apache/log4j/Priority> (0x000000076f416a98) thrown at [C:\jenkins\workspace\8-2-build-windows-amd64-cygwin\jdk8u321\2141\hotspot\src\share\vm\classfile\systemDictionary.cpp, line 201]
Event: 2.398 Thread 0x00000207556bd800 Implicit null exception at 0x000002075740fc96 to 0x0000020757410049
Event: 2.689 Thread 0x00000207556bd800 Exception <a 'java/lang/NoSuchMethodError': java.lang.Object.lambda$static$0(Ljava/lang/Object;Ljava/lang/Object;)I> (0x000000076f5dfd68) thrown at [C:\jenkins\workspace\8-2-build-windows-amd64-cygwin\jdk8u321\2141\hotspot\src\share\vm\interpreter\linkRes
Event: 2.805 Thread 0x00000207556bd800 Implicit null exception at 0x0000020757371856 to 0x0000020757371bfd

Events (10 events):
Event: 3.223 loading class org/springframework/data/redis/core/index/IndexDefinitionProvider
Event: 3.223 loading class org/springframework/data/redis/core/index/IndexDefinitionProvider done
Event: 3.223 loading class org/springframework/data/redis/core/index/IndexDefinitionRegistry
Event: 3.223 loading class org/springframework/data/redis/core/index/IndexDefinitionRegistry done
Event: 3.225 loading class org/springframework/data/redis/core/convert/KeyspaceConfiguration
Event: 3.225 loading class org/springframework/data/redis/core/convert/KeyspaceConfiguration done
Event: 3.226 loading class org/springframework/data/repository/config/DefaultRepositoryBaseClass
Event: 3.226 loading class org/springframework/data/repository/config/DefaultRepositoryBaseClass done
Event: 3.229 loading class org/springframework/data/keyvalue/repository/config/QueryCreatorType
Event: 3.229 loading class org/springframework/data/keyvalue/repository/config/QueryCreatorType done


Dynamic libraries:
0x00007ff7d20a0000 - 0x00007ff7d20e7000 	D:\Environment\jdk1.8.0\bin\java.exe
0x00007ff84fbf0000 - 0x00007ff84fde8000 	C:\Windows\SYSTEM32\ntdll.dll
0x00007ff84f940000 - 0x00007ff84f9fd000 	C:\Windows\System32\KERNEL32.DLL
0x00007ff84d6d0000 - 0x00007ff84d99e000 	C:\Windows\System32\KERNELBASE.dll
0x00007ff84dc50000 - 0x00007ff84dcfe000 	C:\Windows\System32\ADVAPI32.dll
0x00007ff84e3b0000 - 0x00007ff84e44e000 	C:\Windows\System32\msvcrt.dll
0x00007ff84f820000 - 0x00007ff84f8bc000 	C:\Windows\System32\sechost.dll
0x00007ff84ddb0000 - 0x00007ff84ded5000 	C:\Windows\System32\RPCRT4.dll
0x00007ff84f680000 - 0x00007ff84f820000 	C:\Windows\System32\USER32.dll
0x00007ff84d670000 - 0x00007ff84d692000 	C:\Windows\System32\win32u.dll
0x00007ff84e450000 - 0x00007ff84e47a000 	C:\Windows\System32\GDI32.dll
0x00007ff84d4b0000 - 0x00007ff84d5bb000 	C:\Windows\System32\gdi32full.dll
0x00007ff84d410000 - 0x00007ff84d4ad000 	C:\Windows\System32\msvcp_win.dll
0x00007ff84d310000 - 0x00007ff84d410000 	C:\Windows\System32\ucrtbase.dll
0x00007ff833460000 - 0x00007ff8336fa000 	C:\Windows\WinSxS\amd64_microsoft.windows.common-controls_6595b64144ccf1df_6.0.19041.1110_none_60b5254171f9507e\COMCTL32.dll
0x00007ff84e630000 - 0x00007ff84e660000 	C:\Windows\System32\IMM32.DLL
0x00007ff82fd60000 - 0x00007ff82fd75000 	D:\Environment\jdk1.8.0\jre\bin\vcruntime140.dll
0x00007ff81a4c0000 - 0x00007ff81a55b000 	D:\Environment\jdk1.8.0\jre\bin\msvcp140.dll
0x000000006de70000 - 0x000000006e6d1000 	D:\Environment\jdk1.8.0\jre\bin\server\jvm.dll
0x00007ff84ef20000 - 0x00007ff84ef28000 	C:\Windows\System32\PSAPI.DLL
0x00007ff842090000 - 0x00007ff84209a000 	C:\Windows\SYSTEM32\VERSION.dll
0x00007ff844360000 - 0x00007ff844369000 	C:\Windows\SYSTEM32\WSOCK32.dll
0x00007ff84e8a0000 - 0x00007ff84e90b000 	C:\Windows\System32\WS2_32.dll
0x00007ff838510000 - 0x00007ff838537000 	C:\Windows\SYSTEM32\WINMM.dll
0x00007ff84bb90000 - 0x00007ff84bba2000 	C:\Windows\SYSTEM32\kernel.appcore.dll
0x00007ff834e20000 - 0x00007ff834e30000 	D:\Environment\jdk1.8.0\jre\bin\verify.dll
0x00007ff82cd30000 - 0x00007ff82cd5b000 	D:\Environment\jdk1.8.0\jre\bin\java.dll
0x00007ff81f440000 - 0x00007ff81f470000 	D:\Environment\jdk1.8.0\jre\bin\instrument.dll
0x00007ff82edb0000 - 0x00007ff82edc8000 	D:\Environment\jdk1.8.0\jre\bin\zip.dll
0x00007ff84ef30000 - 0x00007ff84f673000 	C:\Windows\System32\SHELL32.dll
0x00007ff84b3e0000 - 0x00007ff84bb75000 	C:\Windows\SYSTEM32\windows.storage.dll
0x00007ff84ea90000 - 0x00007ff84ede4000 	C:\Windows\System32\combase.dll
0x00007ff84cd70000 - 0x00007ff84cda0000 	C:\Windows\SYSTEM32\Wldp.dll
0x00007ff84dd00000 - 0x00007ff84ddad000 	C:\Windows\System32\SHCORE.dll
0x00007ff84e910000 - 0x00007ff84e965000 	C:\Windows\System32\shlwapi.dll
0x00007ff84d250000 - 0x00007ff84d26f000 	C:\Windows\SYSTEM32\profapi.dll
0x00007ff82e3c0000 - 0x00007ff82e3da000 	D:\program\IntelliJ IDEA 2022.1.3\bin\breakgen64.dll
0x00007ff82a1e0000 - 0x00007ff82a1fc000 	D:\Environment\jdk1.8.0\jre\bin\net.dll
0x00007ff84cad0000 - 0x00007ff84cb3a000 	C:\Windows\system32\mswsock.dll
0x00007ff825280000 - 0x00007ff825293000 	D:\Environment\jdk1.8.0\jre\bin\nio.dll
0x00007ff8348d0000 - 0x00007ff8348dd000 	D:\Environment\jdk1.8.0\jre\bin\management.dll
0x00007ff82eab0000 - 0x00007ff82eafb000 	C:\Program Files (x86)\Sangfor\SSL\ClientComponent\SangforNspX64.dll
0x00007ff84edf0000 - 0x00007ff84ef1a000 	C:\Windows\System32\ole32.dll
0x00007ff84e7c0000 - 0x00007ff84e88d000 	C:\Windows\System32\OLEAUT32.dll
0x00007ff82b130000 - 0x00007ff82b147000 	C:\Windows\system32\napinsp.dll
0x00007ff82b110000 - 0x00007ff82b12b000 	C:\Windows\system32\pnrpnsp.dll
0x00007ff82b0f0000 - 0x00007ff82b105000 	C:\Windows\system32\wshbth.dll
0x00007ff8446e0000 - 0x00007ff8446fd000 	C:\Windows\system32\NLAapi.dll
0x00007ff84c770000 - 0x00007ff84c7ab000 	C:\Windows\SYSTEM32\IPHLPAPI.DLL
0x00007ff84c7b0000 - 0x00007ff84c87a000 	C:\Windows\SYSTEM32\DNSAPI.dll
0x00007ff84fba0000 - 0x00007ff84fba8000 	C:\Windows\System32\NSI.dll
0x00007ff82b0d0000 - 0x00007ff82b0e2000 	C:\Windows\System32\winrnr.dll
0x00007ff842020000 - 0x00007ff84202a000 	C:\Windows\System32\rasadhlp.dll
0x00007ff840d40000 - 0x00007ff840dc0000 	C:\Windows\System32\fwpuclnt.dll
0x00007ff84d6a0000 - 0x00007ff84d6c7000 	C:\Windows\System32\bcrypt.dll
0x00007ff842030000 - 0x00007ff842047000 	C:\Windows\SYSTEM32\dhcpcsvc6.DLL
0x00007ff842870000 - 0x00007ff84288d000 	C:\Windows\SYSTEM32\dhcpcsvc.DLL
0x00007ff8440c0000 - 0x00007ff8440cb000 	C:\Windows\SYSTEM32\WINNSI.DLL
0x00007ff84b0f0000 - 0x00007ff84b2d4000 	C:\Windows\SYSTEM32\dbghelp.dll
0x00007ff84da10000 - 0x00007ff84da92000 	C:\Windows\System32\bcryptPrimitives.dll

VM Arguments:
jvm_args: -ea -Didea.test.cyclic.buffer.size=1048576 -javaagent:D:\program\IntelliJ IDEA 2022.1.3\lib\idea_rt.jar=9566:D:\program\IntelliJ IDEA 2022.1.3\bin -Dfile.encoding=UTF-8 
java_command: com.intellij.rt.junit.JUnitStarter -ideVersion5 -junit5 com.yupi.project.service.UserInterfaceInfoServiceTest
java_class_path (initial): C:\Users\liyb\.m2\repository\org\junit\platform\junit-platform-launcher\1.8.2\junit-platform-launcher-1.8.2.jar;C:\Users\liyb\.m2\repository\org\junit\vintage\junit-vintage-engine\5.8.2\junit-vintage-engine-5.8.2.jar;D:\program\IntelliJ IDEA 2022.1.3\lib\idea_rt.jar;D:\program\IntelliJ IDEA 2022.1.3\plugins\junit\lib\junit5-rt.jar;D:\program\IntelliJ IDEA 2022.1.3\plugins\junit\lib\junit-rt.jar;D:\Environment\jdk1.8.0\jre\lib\charsets.jar;D:\Environment\jdk1.8.0\jre\lib\deploy.jar;D:\Environment\jdk1.8.0\jre\lib\ext\access-bridge-64.jar;D:\Environment\jdk1.8.0\jre\lib\ext\cldrdata.jar;D:\Environment\jdk1.8.0\jre\lib\ext\dnsns.jar;D:\Environment\jdk1.8.0\jre\lib\ext\jaccess.jar;D:\Environment\jdk1.8.0\jre\lib\ext\jfxrt.jar;D:\Environment\jdk1.8.0\jre\lib\ext\localedata.jar;D:\Environment\jdk1.8.0\jre\lib\ext\nashorn.jar;D:\Environment\jdk1.8.0\jre\lib\ext\sunec.jar;D:\Environment\jdk1.8.0\jre\lib\ext\sunjce_provider.jar;D:\Environment\jdk1.8.0\jre\lib\ext\sunmscapi.jar;D:\Environment\jdk1.8.0\jre\lib\ext\sunpkcs11.jar;D:\Environment\jdk1.8.0\jre\lib\ext\zipfs.jar;D:\Environment\jdk1.8.0\jre\lib\javaws.jar;D:\Environment\jdk1.8.0\jre\lib\jce.jar;D:\Environment\jdk1.8.0\jre\lib\jfr.jar;D:\Environment\jdk1.8.0\jre\lib\jfxswt.jar;D:\Environment\jdk1.8.0\jre\lib\jsse.jar;D:\Environment\jdk1.8.0\jre\lib\management-agent.jar;D:\Environment\jdk1.8.0\jre\lib\plugin.jar;D:\Environment\jdk1.8.0\jre\lib\resources.jar;D:\Environment\jdk1.8.0\jre\lib\rt.jar;D:\ProgramProjects\StarProject\APIproject\api-backend\target\test-classes;D:\ProgramProjects\StarProject\APIproject\api-backend\target\classes;C:\Users\liyb\.m2\repository\org\yupi\api-common\0.0.1\api-common-0.0.1.jar;C:\Users\liyb\.m2\repository\org\apache\dubbo\dubbo\3.0.9\dubbo-3.0.9.jar;C:\Users\liyb\.m2\repository\org\springframework\spring-context\5.3.20\spring-context-5.3.20.jar;C:\Users\liyb\.m2\repository\org\springframework\spring-beans\5.3.20\spring-beans-5.3.20.jar;C:\Users\liyb\.m2\rep
Launcher Type: SUN_STANDARD

Environment Variables:
JAVA_HOME=D:\Environment\jdk1.8.0
CLASSPATH=.;D:\Environment\jdk1.8.0\lib\dt.jar;D:\Environment\jdk1.8.0\lib\tools.jar
PATH=C:\Program Files\NVIDIA GPU Computing Toolkit\CUDA\v10.1\bin;C:\Program Files\NVIDIA GPU Computing Toolkit\CUDA\v10.1\libnvvp;C:\Program Files\Common Files\Oracle\Java\javapath;C:\Program Files (x86)\Common Files\Oracle\Java\javapath;C:\Program Files\NVIDIA GPU Computing Toolkit\CUDA\v11.0\bin;C:\Program Files\NVIDIA GPU Computing Toolkit\CUDA\v11.0\libnvvp;C:\Program Files (x86)\Razer Chroma SDK\bin;C:\Program Files\Razer Chroma SDK\bin;C:\Program Files (x86)\Razer\ChromaBroadcast\bin;C:\Program Files\Razer\ChromaBroadcast\bin;C:\Windows\system32;C:\Windows;C:\Windows\System32\Wbem;C:\Windows\System32\WindowsPowerShell\v1.0\;C:\Windows\System32\OpenSSH\;D:\Environment\jdk11.0.6\bin;C:\Windows\system32\config\systemprofile\AppData\Local\Microsoft\WindowsApps;C:\Program Files\dotnet\;D:\Environment\Git\Git\cmd;C:\Program Files\MySQL\MySQL Server 5.7\bin;D:\softwore\Anaconda;D:\softwore\Anaconda\Library\bin;C:\Program Files (x86)\NVIDIA Corporation\PhysX\Common;C:\Program Files\NVIDIA Corporation\NVIDIA NvDLISR;C:\Program Files\NVIDIA Corporation\Nsight Compute 2019.4.0\;D:\Environment\node.js\node_global;C:\Program Files\python;C:\Program Files\python\Scripts;D:\softwore\BtSoft\panel\script;D:\Environment\yarn\bin\;D:\Environment\nodejs\;D:\Environment\jdk1.8.0\bin;D:\softwore\Anaconda;D:\softwore\Anaconda\Library\mingw-w64\bin;D:\softwore\Anaconda\Library\usr\bin;D:\softwore\Anaconda\Library\bin;D:\softwore\Anaconda\Scripts;C:\Users\liyb\AppData\Local\Microsoft\WindowsApps;D:\program\CLion 2022.1.2\bin;E:\play\yuanshen\抽卡助手\Fiddler;D:\softwore\Bandzip\Band\;D:\Environment\node.js\node_global;;D:\program\WebStorm\WebStorm 2020.1\bin;;C:\Users\liyb\AppData\Local\Yarn\bin;C:\Users\liyb\AppData\Roaming\npm
USERNAME=liyb
OS=Windows_NT
PROCESSOR_IDENTIFIER=Intel64 Family 6 Model 165 Stepping 2, GenuineIntel



---------------  S Y S T E M  ---------------

OS: Windows 10 , 64 bit Build 19041 (10.0.19041.1889)

CPU:total 12 (initial active 12) (6 cores per cpu, 2 threads per core) family 6 model 165 stepping 2, cmov, cx8, fxsr, mmx, sse, sse2, sse3, ssse3, sse4.1, sse4.2, popcnt, avx, avx2, aes, clmul, erms, 3dnowpref, lzcnt, ht, tsc, tscinvbit, bmi1, bmi2, adx

Memory: 4k page, physical 16565956k(813608k free), swap 36138676k(2372k free)

vm_info: Java HotSpot(TM) 64-Bit Server VM (25.321-b07) for windows-amd64 JRE (1.8.0_321-b07), built on Dec 15 2021 11:19:20 by "java_re" with MS VC++ 15.9 (VS2017)

time: Thu Jan  9 21:25:41 2025
timezone: 中国标准时间
elapsed time: 3.254972 seconds (0d 0h 0m 3s)

