#
# There is insufficient memory for the Java Runtime Environment to continue.
# Native memory allocation (malloc) failed to allocate 1048576 bytes for AllocateHeap
# Possible reasons:
#   The system is out of physical RAM or swap space
#   The process is running with CompressedOops enabled, and the Java Heap may be blocking the growth of the native heap
# Possible solutions:
#   Reduce memory load on the system
#   Increase physical memory or swap space
#   Check if swap backing store is full
#   Decrease Java heap size (-Xmx/-Xms)
#   Decrease number of Java threads
#   Decrease Java thread stack sizes (-Xss)
#   Set larger code cache with -XX:ReservedCodeCacheSize=
#   JVM is running with Zero Based Compressed Oops mode in which the Java heap is
#     placed in the first 32GB address space. The Java Heap base address is the
#     maximum limit for the native heap growth. Please use -XX:HeapBaseMinAddress
#     to set the Java Heap base and to place the Java Heap above 32GB virtual address.
# This output file may be truncated or incomplete.
#
#  Out of Memory Error (memory/allocation.inline.hpp:61), pid=21144, tid=0x00000000000051e0
#
# JRE version:  (8.0_321-b07) (build )
# Java VM: Java HotSpot(TM) 64-Bit Server VM (25.321-b07 mixed mode windows-amd64 compressed oops)
# Failed to write core dump. Minidumps are not enabled by default on client versions of Windows
#

---------------  T H R E A D  ---------------

Current thread (0x000002ba43e7b800):  JavaThread "Unknown thread" [_thread_in_vm, id=20960, stack(0x000000f145000000,0x000000f145100000)]

Stack: [0x000000f145000000,0x000000f145100000]
Native frames: (J=compiled Java code, j=interpreted, Vv=VM code, C=native code)
V  [jvm.dll+0x32fc49]
V  [jvm.dll+0x2761a2]
V  [jvm.dll+0x276e4d]
V  [jvm.dll+0x26d7f5]
V  [jvm.dll+0x509d]
V  [jvm.dll+0x3ca62d]
V  [jvm.dll+0x3cb3aa]
V  [jvm.dll+0x3c7337]
V  [jvm.dll+0xfd2ff]
V  [jvm.dll+0x20a8eb]
V  [jvm.dll+0x239417]
V  [jvm.dll+0x162e26]
C  [java.exe+0x2312]
C  [java.exe+0x15f54]
C  [KERNEL32.DLL+0x17034]
C  [ntdll.dll+0x526a1]


---------------  P R O C E S S  ---------------

Java Threads: ( => current thread )

Other Threads:

=>0x000002ba43e7b800 (exited) JavaThread "Unknown thread" [_thread_in_vm, id=20960, stack(0x000000f145000000,0x000000f145100000)]

VM state:not at safepoint (normal execution)

VM Mutex/Monitor currently owned by a thread: None

heap address: 0x00000006c3200000, size: 4046 MB, Compressed Oops mode: Zero based, Oop shift amount: 3
Narrow klass base: 0x0000000000000000, Narrow klass shift: 3
Compressed class space size: 1073741824 Address: 0x00000007c0000000

Heap:
 PSYoungGen      total 75776K, used 1300K [0x000000076bb80000, 0x0000000771000000, 0x00000007c0000000)
  eden space 65024K, 2% used [0x000000076bb80000,0x000000076bcc51f8,0x000000076fb00000)
  from space 10752K, 0% used [0x0000000770580000,0x0000000770580000,0x0000000771000000)
  to   space 10752K, 0% used [0x000000076fb00000,0x000000076fb00000,0x0000000770580000)
 ParOldGen       total 173568K, used 0K [0x00000006c3200000, 0x00000006cdb80000, 0x000000076bb80000)
  object space 173568K, 0% used [0x00000006c3200000,0x00000006c3200000,0x00000006cdb80000)
 Metaspace       used 778K, capacity 4480K, committed 4480K, reserved 1056768K
  class space    used 76K, capacity 384K, committed 384K, reserved 1048576K

Card table byte_map: [0x000002ba54b10000,0x000002ba55300000] byte_map_base: 0x000002ba514f7000

Marking Bits: (ParMarkBitMap*) 0x000000006e659030
 Begin Bits: [0x000002ba55850000, 0x000002ba59788000)
 End Bits:   [0x000002ba59788000, 0x000002ba5d6c0000)

Polling page: 0x000002ba43e10000

CodeCache: size=245760Kb used=329Kb max_used=329Kb free=245430Kb
 bounds [0x000002ba45750000, 0x000002ba459c0000, 0x000002ba54750000]
 total_blobs=58 nmethods=0 adapters=38
 compilation: enabled

Compilation events (0 events):
No events

GC Heap History (0 events):
No events

Deoptimization events (0 events):
No events

Classes redefined (0 events):
No events

Internal exceptions (0 events):
No events

Events (10 events):
Event: 0.021 loading class java/lang/Short
Event: 0.021 loading class java/lang/Short done
Event: 0.021 loading class java/lang/Integer
Event: 0.021 loading class java/lang/Integer done
Event: 0.021 loading class java/lang/Long
Event: 0.021 loading class java/lang/Long done
Event: 0.021 loading class java/lang/NullPointerException
Event: 0.021 loading class java/lang/NullPointerException done
Event: 0.021 loading class java/lang/ArithmeticException
Event: 0.021 loading class java/lang/ArithmeticException done


Dynamic libraries:
0x00007ff7d20a0000 - 0x00007ff7d20e7000 	D:\Environment\jdk1.8.0\bin\java.exe
0x00007ff84fbf0000 - 0x00007ff84fde8000 	C:\Windows\SYSTEM32\ntdll.dll
0x00007ff84f940000 - 0x00007ff84f9fd000 	C:\Windows\System32\KERNEL32.DLL
0x00007ff84d6d0000 - 0x00007ff84d99e000 	C:\Windows\System32\KERNELBASE.dll
0x00007ff84dc50000 - 0x00007ff84dcfe000 	C:\Windows\System32\ADVAPI32.dll
0x00007ff84e3b0000 - 0x00007ff84e44e000 	C:\Windows\System32\msvcrt.dll
0x00007ff84f820000 - 0x00007ff84f8bc000 	C:\Windows\System32\sechost.dll
0x00007ff84ddb0000 - 0x00007ff84ded5000 	C:\Windows\System32\RPCRT4.dll
0x00007ff84f680000 - 0x00007ff84f820000 	C:\Windows\System32\USER32.dll
0x00007ff84d670000 - 0x00007ff84d692000 	C:\Windows\System32\win32u.dll
0x00007ff84e450000 - 0x00007ff84e47a000 	C:\Windows\System32\GDI32.dll
0x00007ff84d4b0000 - 0x00007ff84d5bb000 	C:\Windows\System32\gdi32full.dll
0x00007ff84d410000 - 0x00007ff84d4ad000 	C:\Windows\System32\msvcp_win.dll
0x00007ff84d310000 - 0x00007ff84d410000 	C:\Windows\System32\ucrtbase.dll
0x00007ff833460000 - 0x00007ff8336fa000 	C:\Windows\WinSxS\amd64_microsoft.windows.common-controls_6595b64144ccf1df_6.0.19041.1110_none_60b5254171f9507e\COMCTL32.dll
0x00007ff84e630000 - 0x00007ff84e660000 	C:\Windows\System32\IMM32.DLL
0x00007ff82fd60000 - 0x00007ff82fd75000 	D:\Environment\jdk1.8.0\jre\bin\vcruntime140.dll
0x00007ff81a4c0000 - 0x00007ff81a55b000 	D:\Environment\jdk1.8.0\jre\bin\msvcp140.dll
0x000000006de70000 - 0x000000006e6d1000 	D:\Environment\jdk1.8.0\jre\bin\server\jvm.dll
0x00007ff84ef20000 - 0x00007ff84ef28000 	C:\Windows\System32\PSAPI.DLL
0x00007ff838510000 - 0x00007ff838537000 	C:\Windows\SYSTEM32\WINMM.dll
0x00007ff842090000 - 0x00007ff84209a000 	C:\Windows\SYSTEM32\VERSION.dll
0x00007ff844360000 - 0x00007ff844369000 	C:\Windows\SYSTEM32\WSOCK32.dll
0x00007ff84e8a0000 - 0x00007ff84e90b000 	C:\Windows\System32\WS2_32.dll
0x00007ff84bb90000 - 0x00007ff84bba2000 	C:\Windows\SYSTEM32\kernel.appcore.dll
0x00007ff834e20000 - 0x00007ff834e30000 	D:\Environment\jdk1.8.0\jre\bin\verify.dll
0x00007ff82cd30000 - 0x00007ff82cd5b000 	D:\Environment\jdk1.8.0\jre\bin\java.dll
0x00007ff81f440000 - 0x00007ff81f470000 	D:\Environment\jdk1.8.0\jre\bin\instrument.dll
0x00007ff82edb0000 - 0x00007ff82edc8000 	D:\Environment\jdk1.8.0\jre\bin\zip.dll
0x00007ff84b0f0000 - 0x00007ff84b2d4000 	C:\Windows\SYSTEM32\dbghelp.dll
0x00007ff84da10000 - 0x00007ff84da92000 	C:\Windows\System32\bcryptPrimitives.dll

VM Arguments:
jvm_args: -Dmaven.multiModuleProjectDirectory=D:\ProgramProjects\StarProject\APIproject\api-common -Dmaven.home=D:\program\IntelliJ IDEA 2022.1.3\plugins\maven\lib\maven3 -Dclassworlds.conf=D:\program\IntelliJ IDEA 2022.1.3\plugins\maven\lib\maven3\bin\m2.conf -Dmaven.ext.class.path=D:\program\IntelliJ IDEA 2022.1.3\plugins\maven\lib\maven-event-listener.jar -javaagent:D:\program\IntelliJ IDEA 2022.1.3\lib\idea_rt.jar=9539:D:\program\IntelliJ IDEA 2022.1.3\bin -Dfile.encoding=UTF-8 
java_command: org.codehaus.classworlds.Launcher -Didea.version=2022.1.3 install
java_class_path (initial): D:\program\IntelliJ IDEA 2022.1.3\plugins\maven\lib\maven3\boot\plexus-classworlds-2.6.0.jar;D:\program\IntelliJ IDEA 2022.1.3\plugins\maven\lib\maven3\boot\plexus-classworlds.license;D:\program\IntelliJ IDEA 2022.1.3\lib\idea_rt.jar
Launcher Type: SUN_STANDARD

Environment Variables:
JAVA_HOME=D:\Environment\jdk1.8.0
CLASSPATH=.;D:\Environment\jdk1.8.0\lib\dt.jar;D:\Environment\jdk1.8.0\lib\tools.jar
PATH=C:\Program Files\NVIDIA GPU Computing Toolkit\CUDA\v10.1\bin;C:\Program Files\NVIDIA GPU Computing Toolkit\CUDA\v10.1\libnvvp;C:\Program Files\Common Files\Oracle\Java\javapath;C:\Program Files (x86)\Common Files\Oracle\Java\javapath;C:\Program Files\NVIDIA GPU Computing Toolkit\CUDA\v11.0\bin;C:\Program Files\NVIDIA GPU Computing Toolkit\CUDA\v11.0\libnvvp;C:\Program Files (x86)\Razer Chroma SDK\bin;C:\Program Files\Razer Chroma SDK\bin;C:\Program Files (x86)\Razer\ChromaBroadcast\bin;C:\Program Files\Razer\ChromaBroadcast\bin;C:\Windows\system32;C:\Windows;C:\Windows\System32\Wbem;C:\Windows\System32\WindowsPowerShell\v1.0\;C:\Windows\System32\OpenSSH\;D:\Environment\jdk11.0.6\bin;C:\Windows\system32\config\systemprofile\AppData\Local\Microsoft\WindowsApps;C:\Program Files\dotnet\;D:\Environment\Git\Git\cmd;C:\Program Files\MySQL\MySQL Server 5.7\bin;D:\softwore\Anaconda;D:\softwore\Anaconda\Library\bin;C:\Program Files (x86)\NVIDIA Corporation\PhysX\Common;C:\Program Files\NVIDIA Corporation\NVIDIA NvDLISR;C:\Program Files\NVIDIA Corporation\Nsight Compute 2019.4.0\;D:\Environment\node.js\node_global;C:\Program Files\python;C:\Program Files\python\Scripts;D:\softwore\BtSoft\panel\script;D:\Environment\yarn\bin\;D:\Environment\nodejs\;D:\Environment\jdk1.8.0\bin;D:\softwore\Anaconda;D:\softwore\Anaconda\Library\mingw-w64\bin;D:\softwore\Anaconda\Library\usr\bin;D:\softwore\Anaconda\Library\bin;D:\softwore\Anaconda\Scripts;C:\Users\liyb\AppData\Local\Microsoft\WindowsApps;D:\program\CLion 2022.1.2\bin;E:\play\yuanshen\抽卡助手\Fiddler;D:\softwore\Bandzip\Band\;D:\Environment\node.js\node_global;;D:\program\WebStorm\WebStorm 2020.1\bin;;C:\Users\liyb\AppData\Local\Yarn\bin;C:\Users\liyb\AppData\Roaming\npm
USERNAME=liyb
OS=Windows_NT
PROCESSOR_IDENTIFIER=Intel64 Family 6 Model 165 Stepping 2, GenuineIntel



---------------  S Y S T E M  ---------------

OS: Windows 10 , 64 bit Build 19041 (10.0.19041.1889)

CPU:total 12 (initial active 12) (6 cores per cpu, 2 threads per core) family 6 model 165 stepping 2, cmov, cx8, fxsr, mmx, sse, sse2, sse3, ssse3, sse4.1, sse4.2, popcnt, avx, avx2, aes, clmul, erms, 3dnowpref, lzcnt, ht, tsc, tscinvbit, bmi1, bmi2, adx

Memory: 4k page, physical 16565956k(1051856k free), swap 36138676k(4244k free)

vm_info: Java HotSpot(TM) 64-Bit Server VM (25.321-b07) for windows-amd64 JRE (1.8.0_321-b07), built on Dec 15 2021 11:19:20 by "java_re" with MS VC++ 15.9 (VS2017)

time: Thu Jan  9 21:24:11 2025
timezone: 中国标准时间
elapsed time: 0.042560 seconds (0d 0h 0m 0s)

